<testsuites id="" name="" tests="11" failures="4" skipped="7" errors="0" time="154.903767">
<testsuite name="e2e\hardware-specific.spec.js" timestamp="2025-10-12T16:19:30.566Z" hostname="Samsung Portrait" tests="11" failures="4" skipped="7" time="183.522" errors="0">
<testcase name="Hardware-Specific Rendering Tests › Samsung Portrait Viewport Issues › images should display correctly in Samsung portrait mode" classname="e2e\hardware-specific.spec.js" time="40.555">
<failure message="hardware-specific.spec.js:11:9 images should display correctly in Samsung portrait mode" type="FAILURE">
<![CDATA[  [Samsung Portrait] › e2e\hardware-specific.spec.js:11:9 › Hardware-Specific Rendering Tests › Samsung Portrait Viewport Issues › images should display correctly in Samsung portrait mode 

    Test timeout of 30000ms exceeded.

    Error: page.goto: Test timeout of 30000ms exceeded.
    Call log:
      - navigating to "http://localhost:3000/", waiting until "load"


      13 |       test.skip(browserName === 'webkit' && process.platform === 'darwin', 'iOS Safari has different viewport behavior');
      14 |       
    > 15 |       await page.goto('/');
         |                  ^
      16 |       
      17 |       // Set Samsung Galaxy S9+ portrait viewport
      18 |       await page.setViewportSize({ width: 320, height: 658 });
        at C:\Users\tobys\source\repos\tutorScotland\tests\e2e\hardware-specific.spec.js:15:18

    attachment #1: screenshot (image/png) ──────────────────────────────────────────────────────────
    ..\test-results\e2e-hardware-specific-Hard-72993-ly-in-Samsung-portrait-mode-Samsung-Portrait\test-failed-1.png
    ────────────────────────────────────────────────────────────────────────────────────────────────

    attachment #2: video (video/webm) ──────────────────────────────────────────────────────────────
    ..\test-results\e2e-hardware-specific-Hard-72993-ly-in-Samsung-portrait-mode-Samsung-Portrait\video.webm
    ────────────────────────────────────────────────────────────────────────────────────────────────

    Error Context: ..\test-results\e2e-hardware-specific-Hard-72993-ly-in-Samsung-portrait-mode-Samsung-Portrait\error-context.md
]]>
</failure>
<system-out>
<![CDATA[
[[ATTACHMENT|e2e-hardware-specific-Hard-72993-ly-in-Samsung-portrait-mode-Samsung-Portrait\test-failed-1.png]]

[[ATTACHMENT|e2e-hardware-specific-Hard-72993-ly-in-Samsung-portrait-mode-Samsung-Portrait\video.webm]]

[[ATTACHMENT|e2e-hardware-specific-Hard-72993-ly-in-Samsung-portrait-mode-Samsung-Portrait\error-context.md]]
]]>
</system-out>
</testcase>
<testcase name="Hardware-Specific Rendering Tests › Samsung Portrait Viewport Issues › nested HTML images render correctly in Samsung portrait" classname="e2e\hardware-specific.spec.js" time="40.285">
<failure message="hardware-specific.spec.js:58:9 nested HTML images render correctly in Samsung portrait" type="FAILURE">
<![CDATA[  [Samsung Portrait] › e2e\hardware-specific.spec.js:58:9 › Hardware-Specific Rendering Tests › Samsung Portrait Viewport Issues › nested HTML images render correctly in Samsung portrait 

    Test timeout of 30000ms exceeded.

    Error: page.goto: Test timeout of 30000ms exceeded.
    Call log:
      - navigating to "http://localhost:3000/", waiting until "load"


      57 |     
      58 |     test('nested HTML images render correctly in Samsung portrait', async ({ page }) => {
    > 59 |       await page.goto('/');
         |                  ^
      60 |       await page.setViewportSize({ width: 320, height: 658 });
      61 |       
      62 |       // Look for nested images (images inside divs, sections, etc.)
        at C:\Users\tobys\source\repos\tutorScotland\tests\e2e\hardware-specific.spec.js:59:18

    attachment #1: screenshot (image/png) ──────────────────────────────────────────────────────────
    ..\test-results\e2e-hardware-specific-Hard-f062d-rrectly-in-Samsung-portrait-Samsung-Portrait\test-failed-1.png
    ────────────────────────────────────────────────────────────────────────────────────────────────

    attachment #2: video (video/webm) ──────────────────────────────────────────────────────────────
    ..\test-results\e2e-hardware-specific-Hard-f062d-rrectly-in-Samsung-portrait-Samsung-Portrait\video.webm
    ────────────────────────────────────────────────────────────────────────────────────────────────

    Error Context: ..\test-results\e2e-hardware-specific-Hard-f062d-rrectly-in-Samsung-portrait-Samsung-Portrait\error-context.md
]]>
</failure>
<system-out>
<![CDATA[
[[ATTACHMENT|e2e-hardware-specific-Hard-f062d-rrectly-in-Samsung-portrait-Samsung-Portrait\test-failed-1.png]]

[[ATTACHMENT|e2e-hardware-specific-Hard-f062d-rrectly-in-Samsung-portrait-Samsung-Portrait\video.webm]]

[[ATTACHMENT|e2e-hardware-specific-Hard-f062d-rrectly-in-Samsung-portrait-Samsung-Portrait\error-context.md]]
]]>
</system-out>
</testcase>
<testcase name="Hardware-Specific Rendering Tests › Samsung Portrait Viewport Issues › team member sections display correctly on Samsung portrait" classname="e2e\hardware-specific.spec.js" time="54.48">
<failure message="hardware-specific.spec.js:93:9 team member sections display correctly on Samsung portrait" type="FAILURE">
<![CDATA[  [Samsung Portrait] › e2e\hardware-specific.spec.js:93:9 › Hardware-Specific Rendering Tests › Samsung Portrait Viewport Issues › team member sections display correctly on Samsung portrait 

    Test timeout of 30000ms exceeded.

    Error: page.waitForLoadState: Test timeout of 30000ms exceeded.

       96 |
       97 |       // Wait for page to load and responsive helper to apply fixes
    >  98 |       await page.waitForLoadState('networkidle');
          |                  ^
       99 |       await page.waitForTimeout(1000); // Allow time for Samsung fix to apply
      100 |
      101 |       // Check team members container
        at C:\Users\tobys\source\repos\tutorScotland\tests\e2e\hardware-specific.spec.js:98:18

    attachment #1: video (video/webm) ──────────────────────────────────────────────────────────────
    ..\test-results\e2e-hardware-specific-Hard-150cc-rrectly-on-Samsung-portrait-Samsung-Portrait\video.webm
    ────────────────────────────────────────────────────────────────────────────────────────────────

    Error Context: ..\test-results\e2e-hardware-specific-Hard-150cc-rrectly-on-Samsung-portrait-Samsung-Portrait\error-context.md
]]>
</failure>
<system-out>
<![CDATA[
[[ATTACHMENT|e2e-hardware-specific-Hard-150cc-rrectly-on-Samsung-portrait-Samsung-Portrait\video.webm]]

[[ATTACHMENT|e2e-hardware-specific-Hard-150cc-rrectly-on-Samsung-portrait-Samsung-Portrait\error-context.md]]
]]>
</system-out>
</testcase>
<testcase name="Hardware-Specific Rendering Tests › Samsung Portrait Viewport Issues › fade-in sections are visible when IntersectionObserver fails on Samsung" classname="e2e\hardware-specific.spec.js" time="48.202">
<failure message="hardware-specific.spec.js:154:9 fade-in sections are visible when IntersectionObserver fails on Samsung" type="FAILURE">
<![CDATA[  [Samsung Portrait] › e2e\hardware-specific.spec.js:154:9 › Hardware-Specific Rendering Tests › Samsung Portrait Viewport Issues › fade-in sections are visible when IntersectionObserver fails on Samsung 

    Test timeout of 30000ms exceeded.

    Error: page.waitForLoadState: Test timeout of 30000ms exceeded.

      165 |
      166 |       // Wait for page to load and responsive helper to apply fallback
    > 167 |       await page.waitForLoadState('networkidle');
          |                  ^
      168 |       await page.waitForTimeout(1500); // Allow time for fallback to apply
      169 |
      170 |       // Check that team section is visible (should have is-visible class)
        at C:\Users\tobys\source\repos\tutorScotland\tests\e2e\hardware-specific.spec.js:167:18

    attachment #1: video (video/webm) ──────────────────────────────────────────────────────────────
    ..\test-results\e2e-hardware-specific-Hard-ae86e-onObserver-fails-on-Samsung-Samsung-Portrait\video.webm
    ────────────────────────────────────────────────────────────────────────────────────────────────

    Error Context: ..\test-results\e2e-hardware-specific-Hard-ae86e-onObserver-fails-on-Samsung-Samsung-Portrait\error-context.md
]]>
</failure>
<system-out>
<![CDATA[
[[ATTACHMENT|e2e-hardware-specific-Hard-ae86e-onObserver-fails-on-Samsung-Samsung-Portrait\video.webm]]

[[ATTACHMENT|e2e-hardware-specific-Hard-ae86e-onObserver-fails-on-Samsung-Samsung-Portrait\error-context.md]]
]]>
</system-out>
</testcase>
<testcase name="Hardware-Specific Rendering Tests › Samsung Portrait Viewport Issues › fade-in sections work normally when IntersectionObserver is available" classname="e2e\hardware-specific.spec.js" time="0">
<skipped>
</skipped>
</testcase>
<testcase name="Hardware-Specific Rendering Tests › iOS Safari Viewport Issues › viewport height units work correctly on iOS" classname="e2e\hardware-specific.spec.js" time="0">
<skipped>
</skipped>
</testcase>
<testcase name="Hardware-Specific Rendering Tests › High-DPI Display Issues › images scale correctly on high-DPI displays" classname="e2e\hardware-specific.spec.js" time="0">
<skipped>
</skipped>
</testcase>
<testcase name="Hardware-Specific Rendering Tests › Touch vs Mouse Interaction › touch events work correctly on mobile devices" classname="e2e\hardware-specific.spec.js" time="0">
<skipped>
</skipped>
</testcase>
<testcase name="Hardware-Specific Rendering Tests › Browser-Specific CSS Support › CSS Grid works across all browsers" classname="e2e\hardware-specific.spec.js" time="0">
<skipped>
</skipped>
</testcase>
<testcase name="Visual Regression - Hardware Specific › homepage renders consistently across devices" classname="e2e\hardware-specific.spec.js" time="0">
<skipped>
</skipped>
</testcase>
<testcase name="Visual Regression - Hardware Specific › admin panel renders correctly on tablets" classname="e2e\hardware-specific.spec.js" time="0">
<skipped>
</skipped>
</testcase>
</testsuite>
</testsuites>