<testsuites id="" name="" tests="18" failures="8" skipped="10" errors="0" time="114.368671">
<testsuite name="smoke\css-preservation.test.js" timestamp="2025-07-20T12:42:26.579Z" hostname="chromium" tests="2" failures="2" skipped="0" time="73.803" errors="0">
<testcase name="CSS Preservation - Golden State Protection › Team Member Sections - Dynamic Content › team member sections display correctly in portrait orientation" classname="smoke\css-preservation.test.js" time="33.785">
<failure message="css-preservation.test.js:13:9 team member sections display correctly in portrait orientation" type="FAILURE">
<![CDATA[  [chromium] › smoke\css-preservation.test.js:13:9 › CSS Preservation - Golden State Protection › Team Member Sections - Dynamic Content › team member sections display correctly in portrait orientation 

    Error: Timed out 10000ms waiting for expect(page).toHaveScreenshot(expected)

      Timeout 10000ms exceeded.

      Snapshot: team-sections-portrait.png

    Call log:
      - Expect "toHaveScreenshot(team-sections-portrait.png)" with timeout 10000ms
        - verifying given screenshot expectation
      - taking page screenshot
        - disabled all CSS animations
      - waiting for fonts to load...
      - fonts loaded
      - Expected an image 320px by 10185px, received 414px by 896px. 236122 pixels (ratio 0.06 of all image pixels) are different.
      - waiting 100ms before taking screenshot
      - taking page screenshot
        - disabled all CSS animations
      - waiting for fonts to load...
      - Timeout 10000ms exceeded.


      56 |
      57 |       // Take screenshot for visual regression
    > 58 |       await expect(page).toHaveScreenshot('team-sections-portrait.png', {
         |                          ^
      59 |         fullPage: true,
      60 |         threshold: 0.3 // More lenient threshold for initial baseline
      61 |       });
        at C:\Users\tobys\source\repos\tutorScotland\tests\smoke\css-preservation.test.js:58:26

    attachment #1: team-sections-portrait (image/png) ──────────────────────────────────────────────
    Expected: smoke\css-preservation.test.js-snapshots\team-sections-portrait-chromium-win32.png
    Received: ..\test-results\smoke-css-preservation-CSS-94780-tly-in-portrait-orientation-chromium\team-sections-portrait-actual.png
    Diff:     ..\test-results\smoke-css-preservation-CSS-94780-tly-in-portrait-orientation-chromium\team-sections-portrait-diff.png
    ────────────────────────────────────────────────────────────────────────────────────────────────

    attachment #2: screenshot (image/png) ──────────────────────────────────────────────────────────
    ..\test-results\smoke-css-preservation-CSS-94780-tly-in-portrait-orientation-chromium\test-failed-1.png
    ────────────────────────────────────────────────────────────────────────────────────────────────

    attachment #3: video (video/webm) ──────────────────────────────────────────────────────────────
    ..\test-results\smoke-css-preservation-CSS-94780-tly-in-portrait-orientation-chromium\video.webm
    ────────────────────────────────────────────────────────────────────────────────────────────────

    Error Context: ..\test-results\smoke-css-preservation-CSS-94780-tly-in-portrait-orientation-chromium\error-context.md
]]>
</failure>
<system-out>
<![CDATA[No team sections found - this may be expected

[[ATTACHMENT|..\tests\smoke\css-preservation.test.js-snapshots\team-sections-portrait-chromium-win32.png]]

[[ATTACHMENT|smoke-css-preservation-CSS-94780-tly-in-portrait-orientation-chromium\team-sections-portrait-actual.png]]

[[ATTACHMENT|smoke-css-preservation-CSS-94780-tly-in-portrait-orientation-chromium\team-sections-portrait-diff.png]]

[[ATTACHMENT|smoke-css-preservation-CSS-94780-tly-in-portrait-orientation-chromium\test-failed-1.png]]

[[ATTACHMENT|smoke-css-preservation-CSS-94780-tly-in-portrait-orientation-chromium\video.webm]]

[[ATTACHMENT|smoke-css-preservation-CSS-94780-tly-in-portrait-orientation-chromium\error-context.md]]
]]>
</system-out>
</testcase>
<testcase name="CSS Preservation - Golden State Protection › Basic Layout Preservation › homepage displays correctly" classname="smoke\css-preservation.test.js" time="40.018">
<failure message="css-preservation.test.js:66:9 homepage displays correctly" type="FAILURE">
<![CDATA[  [chromium] › smoke\css-preservation.test.js:66:9 › CSS Preservation - Golden State Protection › Basic Layout Preservation › homepage displays correctly 

    Test timeout of 30000ms exceeded.

    Error: expect(page).toHaveScreenshot(expected)

      Protocol error (Page.captureScreenshot): Internal server error, session closed.

      Snapshot: homepage-golden-state.png

    Call log:
      - Expect "toHaveScreenshot(homepage-golden-state.png)" with timeout 10000ms
        - generating new stable screenshot expectation
      - taking page screenshot
        - disabled all CSS animations
      - waiting for fonts to load...
      - fonts loaded
      - Protocol error (Page.captureScreenshot): Internal server error, session closed.


      75 |
      76 |       // Take screenshot for visual regression
    > 77 |       await expect(page).toHaveScreenshot('homepage-golden-state.png', {
         |                          ^
      78 |         fullPage: true,
      79 |         threshold: 0.3
      80 |       });
        at C:\Users\tobys\source\repos\tutorScotland\tests\smoke\css-preservation.test.js:77:26

    attachment #1: video (video/webm) ──────────────────────────────────────────────────────────────
    ..\test-results\smoke-css-preservation-CSS-6162f-homepage-displays-correctly-chromium\video.webm
    ────────────────────────────────────────────────────────────────────────────────────────────────

    Error Context: ..\test-results\smoke-css-preservation-CSS-6162f-homepage-displays-correctly-chromium\error-context.md
]]>
</failure>
<system-out>
<![CDATA[
[[ATTACHMENT|smoke-css-preservation-CSS-6162f-homepage-displays-correctly-chromium\video.webm]]

[[ATTACHMENT|smoke-css-preservation-CSS-6162f-homepage-displays-correctly-chromium\error-context.md]]
]]>
</system-out>
</testcase>
</testsuite>
<testsuite name="smoke\css-preservation.test.js" timestamp="2025-07-20T12:42:26.579Z" hostname="firefox" tests="2" failures="2" skipped="0" time="0.035" errors="0">
<testcase name="CSS Preservation - Golden State Protection › Team Member Sections - Dynamic Content › team member sections display correctly in portrait orientation" classname="smoke\css-preservation.test.js" time="0.009">
<failure message="css-preservation.test.js:13:9 team member sections display correctly in portrait orientation" type="FAILURE">
<![CDATA[  [firefox] › smoke\css-preservation.test.js:13:9 › CSS Preservation - Golden State Protection › Team Member Sections - Dynamic Content › team member sections display correctly in portrait orientation 

    Error: browserType.launch: Executable doesn't exist at C:\Users\tobys\AppData\Local\ms-playwright\firefox-1489\firefox\firefox.exe
    ╔═════════════════════════════════════════════════════════════════════════╗
    ║ Looks like Playwright Test or Playwright was just installed or updated. ║
    ║ Please run the following command to download new browsers:              ║
    ║                                                                         ║
    ║     npx playwright install                                              ║
    ║                                                                         ║
    ║ <3 Playwright Team                                                      ║
    ╚═════════════════════════════════════════════════════════════════════════╝
]]>
</failure>
</testcase>
<testcase name="CSS Preservation - Golden State Protection › Basic Layout Preservation › homepage displays correctly" classname="smoke\css-preservation.test.js" time="0.026">
<failure message="css-preservation.test.js:66:9 homepage displays correctly" type="FAILURE">
<![CDATA[  [firefox] › smoke\css-preservation.test.js:66:9 › CSS Preservation - Golden State Protection › Basic Layout Preservation › homepage displays correctly 

    Error: browserType.launch: Executable doesn't exist at C:\Users\tobys\AppData\Local\ms-playwright\firefox-1489\firefox\firefox.exe
    ╔═════════════════════════════════════════════════════════════════════════╗
    ║ Looks like Playwright Test or Playwright was just installed or updated. ║
    ║ Please run the following command to download new browsers:              ║
    ║                                                                         ║
    ║     npx playwright install                                              ║
    ║                                                                         ║
    ║ <3 Playwright Team                                                      ║
    ╚═════════════════════════════════════════════════════════════════════════╝
]]>
</failure>
</testcase>
</testsuite>
<testsuite name="smoke\css-preservation.test.js" timestamp="2025-07-20T12:42:26.579Z" hostname="webkit" tests="2" failures="2" skipped="0" time="0.015" errors="0">
<testcase name="CSS Preservation - Golden State Protection › Team Member Sections - Dynamic Content › team member sections display correctly in portrait orientation" classname="smoke\css-preservation.test.js" time="0.005">
<failure message="css-preservation.test.js:13:9 team member sections display correctly in portrait orientation" type="FAILURE">
<![CDATA[  [webkit] › smoke\css-preservation.test.js:13:9 › CSS Preservation - Golden State Protection › Team Member Sections - Dynamic Content › team member sections display correctly in portrait orientation 

    Error: browserType.launch: Executable doesn't exist at C:\Users\tobys\AppData\Local\ms-playwright\webkit-2191\Playwright.exe
    ╔═════════════════════════════════════════════════════════════════════════╗
    ║ Looks like Playwright Test or Playwright was just installed or updated. ║
    ║ Please run the following command to download new browsers:              ║
    ║                                                                         ║
    ║     npx playwright install                                              ║
    ║                                                                         ║
    ║ <3 Playwright Team                                                      ║
    ╚═════════════════════════════════════════════════════════════════════════╝
]]>
</failure>
</testcase>
<testcase name="CSS Preservation - Golden State Protection › Basic Layout Preservation › homepage displays correctly" classname="smoke\css-preservation.test.js" time="0.01">
<failure message="css-preservation.test.js:66:9 homepage displays correctly" type="FAILURE">
<![CDATA[  [webkit] › smoke\css-preservation.test.js:66:9 › CSS Preservation - Golden State Protection › Basic Layout Preservation › homepage displays correctly 

    Error: browserType.launch: Executable doesn't exist at C:\Users\tobys\AppData\Local\ms-playwright\webkit-2191\Playwright.exe
    ╔═════════════════════════════════════════════════════════════════════════╗
    ║ Looks like Playwright Test or Playwright was just installed or updated. ║
    ║ Please run the following command to download new browsers:              ║
    ║                                                                         ║
    ║     npx playwright install                                              ║
    ║                                                                         ║
    ║ <3 Playwright Team                                                      ║
    ╚═════════════════════════════════════════════════════════════════════════╝
]]>
</failure>
</testcase>
</testsuite>
<testsuite name="smoke\css-preservation.test.js" timestamp="2025-07-20T12:42:26.579Z" hostname="Mobile Chrome" tests="2" failures="2" skipped="0" time="61.977" errors="0">
<testcase name="CSS Preservation - Golden State Protection › Team Member Sections - Dynamic Content › team member sections display correctly in portrait orientation" classname="smoke\css-preservation.test.js" time="31.283">
<failure message="css-preservation.test.js:13:9 team member sections display correctly in portrait orientation" type="FAILURE">
<![CDATA[  [Mobile Chrome] › smoke\css-preservation.test.js:13:9 › CSS Preservation - Golden State Protection › Team Member Sections - Dynamic Content › team member sections display correctly in portrait orientation 

    Error: expect(page).toHaveScreenshot(expected)

      Expected an image 320px by 10185px, received 414px by 896px. 236162 pixels (ratio 0.06 of all image pixels) are different.

      Snapshot: team-sections-portrait.png

    Call log:
      - Expect "toHaveScreenshot(team-sections-portrait.png)" with timeout 10000ms
        - verifying given screenshot expectation
      - taking page screenshot
        - disabled all CSS animations
      - waiting for fonts to load...
      - fonts loaded
      - Expected an image 320px by 10185px, received 414px by 896px. 236162 pixels (ratio 0.06 of all image pixels) are different.
      - waiting 100ms before taking screenshot
      - taking page screenshot
        - disabled all CSS animations
      - waiting for fonts to load...
      - fonts loaded
      - captured a stable screenshot
      - Expected an image 320px by 10185px, received 414px by 896px. 236162 pixels (ratio 0.06 of all image pixels) are different.


      56 |
      57 |       // Take screenshot for visual regression
    > 58 |       await expect(page).toHaveScreenshot('team-sections-portrait.png', {
         |                          ^
      59 |         fullPage: true,
      60 |         threshold: 0.3 // More lenient threshold for initial baseline
      61 |       });
        at C:\Users\tobys\source\repos\tutorScotland\tests\smoke\css-preservation.test.js:58:26

    attachment #1: team-sections-portrait (image/png) ──────────────────────────────────────────────
    Expected: smoke\css-preservation.test.js-snapshots\team-sections-portrait-Mobile-Chrome-win32.png
    Received: ..\test-results\smoke-css-preservation-CSS-94780-tly-in-portrait-orientation-Mobile-Chrome\team-sections-portrait-actual.png
    Diff:     ..\test-results\smoke-css-preservation-CSS-94780-tly-in-portrait-orientation-Mobile-Chrome\team-sections-portrait-diff.png
    ────────────────────────────────────────────────────────────────────────────────────────────────

    attachment #2: video (video/webm) ──────────────────────────────────────────────────────────────
    ..\test-results\smoke-css-preservation-CSS-94780-tly-in-portrait-orientation-Mobile-Chrome\video.webm
    ────────────────────────────────────────────────────────────────────────────────────────────────

    Error Context: ..\test-results\smoke-css-preservation-CSS-94780-tly-in-portrait-orientation-Mobile-Chrome\error-context.md
]]>
</failure>
<system-out>
<![CDATA[No team sections found - this may be expected

[[ATTACHMENT|..\tests\smoke\css-preservation.test.js-snapshots\team-sections-portrait-Mobile-Chrome-win32.png]]

[[ATTACHMENT|smoke-css-preservation-CSS-94780-tly-in-portrait-orientation-Mobile-Chrome\team-sections-portrait-actual.png]]

[[ATTACHMENT|smoke-css-preservation-CSS-94780-tly-in-portrait-orientation-Mobile-Chrome\team-sections-portrait-diff.png]]

[[ATTACHMENT|smoke-css-preservation-CSS-94780-tly-in-portrait-orientation-Mobile-Chrome\video.webm]]

[[ATTACHMENT|smoke-css-preservation-CSS-94780-tly-in-portrait-orientation-Mobile-Chrome\error-context.md]]
]]>
</system-out>
</testcase>
<testcase name="CSS Preservation - Golden State Protection › Basic Layout Preservation › homepage displays correctly" classname="smoke\css-preservation.test.js" time="30.694">
<failure message="css-preservation.test.js:66:9 homepage displays correctly" type="FAILURE">
<![CDATA[  [Mobile Chrome] › smoke\css-preservation.test.js:66:9 › CSS Preservation - Golden State Protection › Basic Layout Preservation › homepage displays correctly 

    Error: Timed out 10000ms waiting for expect(locator).toBeVisible()

    Locator: locator('nav, .main-nav')
    Expected: visible
    Received: hidden
    Call log:
      - Expect "toBeVisible" with timeout 10000ms
      - waiting for locator('nav, .main-nav')
        10 × locator resolved to <nav class="main-nav" aria-label="Primary">…</nav>
           - unexpected value "hidden"


      71 |       // Check key elements are visible
      72 |       await expect(page.locator('header')).toBeVisible();
    > 73 |       await expect(page.locator('nav, .main-nav')).toBeVisible();
         |                                                    ^
      74 |       await expect(page.locator('main')).toBeVisible();
      75 |
      76 |       // Take screenshot for visual regression
        at C:\Users\tobys\source\repos\tutorScotland\tests\smoke\css-preservation.test.js:73:52

    attachment #1: screenshot (image/png) ──────────────────────────────────────────────────────────
    ..\test-results\smoke-css-preservation-CSS-6162f-homepage-displays-correctly-Mobile-Chrome\test-failed-1.png
    ────────────────────────────────────────────────────────────────────────────────────────────────

    attachment #2: video (video/webm) ──────────────────────────────────────────────────────────────
    ..\test-results\smoke-css-preservation-CSS-6162f-homepage-displays-correctly-Mobile-Chrome\video.webm
    ────────────────────────────────────────────────────────────────────────────────────────────────

    Error Context: ..\test-results\smoke-css-preservation-CSS-6162f-homepage-displays-correctly-Mobile-Chrome\error-context.md
]]>
</failure>
<system-out>
<![CDATA[
[[ATTACHMENT|smoke-css-preservation-CSS-6162f-homepage-displays-correctly-Mobile-Chrome\test-failed-1.png]]

[[ATTACHMENT|smoke-css-preservation-CSS-6162f-homepage-displays-correctly-Mobile-Chrome\video.webm]]

[[ATTACHMENT|smoke-css-preservation-CSS-6162f-homepage-displays-correctly-Mobile-Chrome\error-context.md]]
]]>
</system-out>
</testcase>
</testsuite>
<testsuite name="smoke\css-preservation.test.js" timestamp="2025-07-20T12:42:26.579Z" hostname="Mobile Safari" tests="2" failures="0" skipped="2" time="0" errors="0">
<testcase name="CSS Preservation - Golden State Protection › Team Member Sections - Dynamic Content › team member sections display correctly in portrait orientation" classname="smoke\css-preservation.test.js" time="0">
<skipped>
</skipped>
</testcase>
<testcase name="CSS Preservation - Golden State Protection › Basic Layout Preservation › homepage displays correctly" classname="smoke\css-preservation.test.js" time="0">
<skipped>
</skipped>
</testcase>
</testsuite>
<testsuite name="smoke\css-preservation.test.js" timestamp="2025-07-20T12:42:26.579Z" hostname="Samsung Galaxy" tests="2" failures="0" skipped="2" time="0" errors="0">
<testcase name="CSS Preservation - Golden State Protection › Team Member Sections - Dynamic Content › team member sections display correctly in portrait orientation" classname="smoke\css-preservation.test.js" time="0">
<skipped>
</skipped>
</testcase>
<testcase name="CSS Preservation - Golden State Protection › Basic Layout Preservation › homepage displays correctly" classname="smoke\css-preservation.test.js" time="0">
<skipped>
</skipped>
</testcase>
</testsuite>
<testsuite name="smoke\css-preservation.test.js" timestamp="2025-07-20T12:42:26.579Z" hostname="iPhone Portrait" tests="2" failures="0" skipped="2" time="0" errors="0">
<testcase name="CSS Preservation - Golden State Protection › Team Member Sections - Dynamic Content › team member sections display correctly in portrait orientation" classname="smoke\css-preservation.test.js" time="0">
<skipped>
</skipped>
</testcase>
<testcase name="CSS Preservation - Golden State Protection › Basic Layout Preservation › homepage displays correctly" classname="smoke\css-preservation.test.js" time="0">
<skipped>
</skipped>
</testcase>
</testsuite>
<testsuite name="smoke\css-preservation.test.js" timestamp="2025-07-20T12:42:26.579Z" hostname="Samsung Portrait" tests="2" failures="0" skipped="2" time="0" errors="0">
<testcase name="CSS Preservation - Golden State Protection › Team Member Sections - Dynamic Content › team member sections display correctly in portrait orientation" classname="smoke\css-preservation.test.js" time="0">
<skipped>
</skipped>
</testcase>
<testcase name="CSS Preservation - Golden State Protection › Basic Layout Preservation › homepage displays correctly" classname="smoke\css-preservation.test.js" time="0">
<skipped>
</skipped>
</testcase>
</testsuite>
<testsuite name="smoke\css-preservation.test.js" timestamp="2025-07-20T12:42:26.579Z" hostname="iPad" tests="2" failures="0" skipped="2" time="0" errors="0">
<testcase name="CSS Preservation - Golden State Protection › Team Member Sections - Dynamic Content › team member sections display correctly in portrait orientation" classname="smoke\css-preservation.test.js" time="0">
<skipped>
</skipped>
</testcase>
<testcase name="CSS Preservation - Golden State Protection › Basic Layout Preservation › homepage displays correctly" classname="smoke\css-preservation.test.js" time="0">
<skipped>
</skipped>
</testcase>
</testsuite>
</testsuites>